<?xml version="1.0" encoding="UTF-8"?>
<!-- Generated by org.testng.reporters.JUnitReportReporter -->
<testsuite hostname="MatebookNR" failures="0" tests="1" name="tests.SuccessfulLoginTest" time="8.188" errors="0" timestamp="2022-11-06T13:06:21 CET" skipped="0">
  <testcase classname="tests.SuccessfulLoginTest" name="loginWithCorrectLoginAndPassword" time="8.188"/>
  <system-out/>
</testsuite> <!-- tests.SuccessfulLoginTest -->
